<?xml version="1.0" encoding="UTF-8"?>
<!-- Generated by org.testng.reporters.JUnitXMLReporter -->
<testsuite ignored="0" hostname="DESKTOP-60NN6LG" failures="0" tests="2" name="Error Validations Test" time="14.629" errors="0" timestamp="2024-10-02T15:19:11 IST">
  <testcase classname="rahulshettyacademy.tests.ErrorValidationsTest" name="LoginErrorValidation" time="0.808"/>
  <testcase classname="rahulshettyacademy.tests.ErrorValidationsTest" name="ProductErrorValidation" time="3.343"/>
</testsuite> <!-- Error Validations Test -->
